<?xml version="1.0" encoding="UTF-8"?>
<!-- Generated by org.testng.reporters.JUnitXMLReporter -->
<testsuite ignored="0" hostname="LAPTOP-PF6MPK7A" failures="0" tests="7" name="Test" time="41.356" errors="0" timestamp="2024-08-14T16:46:16 IST">
  <testcase classname="tests.TestFanfix" name="loginWebsite" time="4.662"/>
  <testcase classname="tests.TestFanfix" name="newPostButton" time="9.375"/>
  <testcase classname="tests.TestFanfix" name="clickOnFreePost" time="0.125"/>
  <testcase classname="tests.TestFanfix" name="writePost" time="8.597"/>
  <testcase classname="tests.TestFanfix" name="clickCustomTime" time="0.413"/>
  <testcase classname="tests.TestFanfix" name="dateSelect" time="10.465"/>
  <testcase classname="tests.TestFanfix" name="selectOkandPostButton" time="3.35"/>
</testsuite> <!-- Test -->
