<?xml version="1.0" encoding="UTF-8"?>
<!-- Generated by org.testng.reporters.JUnitXMLReporter -->
<testsuite ignored="0" hostname="LAPTOP-PF6MPK7A" failures="0" tests="7" name="Test" time="41.237" errors="0" timestamp="2024-08-13T16:07:23 IST">
  <testcase classname="tests.TestFanfix" name="loginWebsite" time="4.792"/>
  <testcase classname="tests.TestFanfix" name="newPostButton" time="9.126"/>
  <testcase classname="tests.TestFanfix" name="clickOnFreePost" time="0.129"/>
  <testcase classname="tests.TestFanfix" name="writePost" time="8.232"/>
  <testcase classname="tests.TestFanfix" name="clickCustomTime" time="0.343"/>
  <testcase classname="tests.TestFanfix" name="dateSelect" time="11.333"/>
  <testcase classname="tests.TestFanfix" name="selectOkandPostButton" time="3.354"/>
</testsuite> <!-- Test -->
