<?xml version="1.0" encoding="UTF-8"?>
<!-- Generated by org.testng.reporters.JUnitXMLReporter -->
<testsuite ignored="0" hostname="LAPTOP-PF6MPK7A" failures="0" tests="7" name="Default test" time="41.652" errors="0" timestamp="2024-08-14T16:42:10 IST">
  <testcase classname="tests.TestFanfix" name="loginWebsite" time="5.419"/>
  <testcase classname="tests.TestFanfix" name="newPostButton" time="9.73"/>
  <testcase classname="tests.TestFanfix" name="clickOnFreePost" time="0.13"/>
  <testcase classname="tests.TestFanfix" name="writePost" time="8.377"/>
  <testcase classname="tests.TestFanfix" name="clickCustomTime" time="0.39"/>
  <testcase classname="tests.TestFanfix" name="dateSelect" time="10.442"/>
  <testcase classname="tests.TestFanfix" name="selectOkandPostButton" time="3.344"/>
</testsuite> <!-- Default test -->
